GSE data:
Using model (GradientBoost), inputs of previous 5-day (target metric) to predict target metric: RMSE is 4440150.15.
Using model (GradientBoost), inputs of previous 5-day (target metric, day of week, season, weather) to predict target metric: RMSE is 3191521.54.
Using model (GradientBoost), inputs of previous 5-day (target metric, day of week OHE, season OHE, weather) to predict target metric: RMSE is 3314658.45.
Using model (GradientBoost), inputs of previous 5-day (target metric, scaled day of week, scaled season, scaled weather) to predict target metric: RMSE is 3191521.54.
Using model (GradientBoost), inputs of previous 5-day (target metric, scaled day of week OHE, scaled season OHE, scaled weather) to predict target metric: RMSE is 3314658.45.
Using model (GradientBoost), inputs of previous 5-day (target metric, day of week) to predict target metric: RMSE is 3013858.32.
Using model (GradientBoost), inputs of previous 5-day (target metric, day of week OHE) to predict target metric: RMSE is 3197142.34.
Using model (GradientBoost), inputs of previous 5-day (target metric, scaled day of week) to predict target metric: RMSE is 3013858.32.
Using model (GradientBoost), inputs of previous 5-day (target metric, scaled day of week OHE) to predict target metric: RMSE is 3197142.34.
Using model (GradientBoost), inputs of previous 5-day (target metric, season) to predict target metric: RMSE is 4502424.12.
Using model (GradientBoost), inputs of previous 5-day (target metric, season OHE) to predict target metric: RMSE is 4417164.75.
Using model (GradientBoost), inputs of previous 5-day (target metric, scaled season) to predict target metric: RMSE is 4502424.12.
Using model (GradientBoost), inputs of previous 5-day (target metric, scaled season OHE) to predict target metric: RMSE is 4417164.75.
Using model (GradientBoost), inputs of previous 5-day (target metric, weather) to predict target metric: RMSE is 4780446.02.
Using model (GradientBoost), inputs of previous 5-day (target metric, scaled weather) to predict target metric: RMSE is 4780446.02.
Using model (GradientBoost), inputs of previous 5-day (target metric, day of week, season) to predict target metric: RMSE is 2998493.98.
Using model (GradientBoost), inputs of previous 5-day (target metric, day of week OHE, season OHE) to predict target metric: RMSE is 3202392.23.
Using model (GradientBoost), inputs of previous 5-day (target metric, scaled day of week, scaled season) to predict target metric: RMSE is 2998493.98.
Using model (GradientBoost), inputs of previous 5-day (target metric, scaled day of week OHE, scaled season OHE) to predict target metric: RMSE is 3202392.23.
Using model (GradientBoost), inputs of previous 5-day (target metric, day of week, weather) to predict target metric: RMSE is 3193154.40.
Using model (GradientBoost), inputs of previous 5-day (target metric, day of week OHE, weather) to predict target metric: RMSE is 3310177.51.
Using model (GradientBoost), inputs of previous 5-day (target metric, scaled day of week, scaled weather) to predict target metric: RMSE is 3193154.40.
Using model (GradientBoost), inputs of previous 5-day (target metric, scaled day of week OHE, scaled weather) to predict target metric: RMSE is 3310177.51.
Using model (GradientBoost), inputs of previous 5-day (target metric, season, weather) to predict target metric: RMSE is 4696554.43.
Using model (GradientBoost), inputs of previous 5-day (target metric, season OHE, weather) to predict target metric: RMSE is 4727346.76.
Using model (GradientBoost), inputs of previous 5-day (target metric, scaled season, scaled weather) to predict target metric: RMSE is 4696554.43.
Using model (GradientBoost), inputs of previous 5-day (target metric, scaled season OHE, scaled weather) to predict target metric: RMSE is 4727346.76.
Delay data:
Using model (GradientBoost), inputs of previous 5-day (target metric) to predict target metric: RMSE is 3877.25.
Using model (GradientBoost), inputs of previous 5-day (target metric, day of week, season, weather) to predict target metric: RMSE is 2971.94.
Using model (GradientBoost), inputs of previous 5-day (target metric, day of week OHE, season OHE, weather) to predict target metric: RMSE is 3014.66.
Using model (GradientBoost), inputs of previous 5-day (target metric, scaled day of week, scaled season, scaled weather) to predict target metric: RMSE is 2970.25.
Using model (GradientBoost), inputs of previous 5-day (target metric, scaled day of week OHE, scaled season OHE, scaled weather) to predict target metric: RMSE is 3014.66.
Using model (GradientBoost), inputs of previous 5-day (target metric, day of week) to predict target metric: RMSE is 3130.17.
Using model (GradientBoost), inputs of previous 5-day (target metric, day of week OHE) to predict target metric: RMSE is 2997.25.
Using model (GradientBoost), inputs of previous 5-day (target metric, scaled day of week) to predict target metric: RMSE is 3130.17.
Using model (GradientBoost), inputs of previous 5-day (target metric, scaled day of week OHE) to predict target metric: RMSE is 2997.25.
Using model (GradientBoost), inputs of previous 5-day (target metric, season) to predict target metric: RMSE is 3841.12.
Using model (GradientBoost), inputs of previous 5-day (target metric, season OHE) to predict target metric: RMSE is 3849.08.
Using model (GradientBoost), inputs of previous 5-day (target metric, scaled season) to predict target metric: RMSE is 3841.12.
Using model (GradientBoost), inputs of previous 5-day (target metric, scaled season OHE) to predict target metric: RMSE is 3849.08.
Using model (GradientBoost), inputs of previous 5-day (target metric, weather) to predict target metric: RMSE is 3947.99.
Using model (GradientBoost), inputs of previous 5-day (target metric, scaled weather) to predict target metric: RMSE is 3949.27.
Using model (GradientBoost), inputs of previous 5-day (target metric, day of week, season) to predict target metric: RMSE is 3118.24.
Using model (GradientBoost), inputs of previous 5-day (target metric, day of week OHE, season OHE) to predict target metric: RMSE is 3043.01.
Using model (GradientBoost), inputs of previous 5-day (target metric, scaled day of week, scaled season) to predict target metric: RMSE is 3118.24.
Using model (GradientBoost), inputs of previous 5-day (target metric, scaled day of week OHE, scaled season OHE) to predict target metric: RMSE is 3043.01.
Using model (GradientBoost), inputs of previous 5-day (target metric, day of week, weather) to predict target metric: RMSE is 2984.58.
Using model (GradientBoost), inputs of previous 5-day (target metric, day of week OHE, weather) to predict target metric: RMSE is 2968.14.
Using model (GradientBoost), inputs of previous 5-day (target metric, scaled day of week, scaled weather) to predict target metric: RMSE is 2984.58.
Using model (GradientBoost), inputs of previous 5-day (target metric, scaled day of week OHE, scaled weather) to predict target metric: RMSE is 2968.14.
Using model (GradientBoost), inputs of previous 5-day (target metric, season, weather) to predict target metric: RMSE is 4014.31.
Using model (GradientBoost), inputs of previous 5-day (target metric, season OHE, weather) to predict target metric: RMSE is 4007.41.
Using model (GradientBoost), inputs of previous 5-day (target metric, scaled season, scaled weather) to predict target metric: RMSE is 4015.26.
Using model (GradientBoost), inputs of previous 5-day (target metric, scaled season OHE, scaled weather) to predict target metric: RMSE is 4007.97.
