GSE data:
Using model (RandomForest), inputs of previous 5-day (target metric) to predict target metric: RMSE is 3753104.52.
Using model (RandomForest), inputs of previous 5-day (target metric, day of week, season, weather) to predict target metric: RMSE is 3092943.34.
Using model (RandomForest), inputs of previous 5-day (target metric, day of week OHE, season OHE, weather) to predict target metric: RMSE is 3085347.44.
Using model (RandomForest), inputs of previous 5-day (target metric, scaled day of week, scaled season, scaled weather) to predict target metric: RMSE is 3087924.54.
Using model (RandomForest), inputs of previous 5-day (target metric, scaled day of week OHE, scaled season OHE, scaled weather) to predict target metric: RMSE is 3084982.00.
Using model (RandomForest), inputs of previous 5-day (target metric, day of week) to predict target metric: RMSE is 3189833.77.
Using model (RandomForest), inputs of previous 5-day (target metric, day of week OHE) to predict target metric: RMSE is 3160229.99.
Using model (RandomForest), inputs of previous 5-day (target metric, scaled day of week) to predict target metric: RMSE is 3182412.87.
Using model (RandomForest), inputs of previous 5-day (target metric, scaled day of week OHE) to predict target metric: RMSE is 3160229.99.
Using model (RandomForest), inputs of previous 5-day (target metric, season) to predict target metric: RMSE is 3727374.38.
Using model (RandomForest), inputs of previous 5-day (target metric, season OHE) to predict target metric: RMSE is 3749104.87.
Using model (RandomForest), inputs of previous 5-day (target metric, scaled season) to predict target metric: RMSE is 3726637.45.
Using model (RandomForest), inputs of previous 5-day (target metric, scaled season OHE) to predict target metric: RMSE is 3749104.87.
Using model (RandomForest), inputs of previous 5-day (target metric, weather) to predict target metric: RMSE is 3804495.63.
Using model (RandomForest), inputs of previous 5-day (target metric, scaled weather) to predict target metric: RMSE is 3806304.45.
Using model (RandomForest), inputs of previous 5-day (target metric, day of week, season) to predict target metric: RMSE is 3190563.84.
Using model (RandomForest), inputs of previous 5-day (target metric, day of week OHE, season OHE) to predict target metric: RMSE is 3151510.24.
Using model (RandomForest), inputs of previous 5-day (target metric, scaled day of week, scaled season) to predict target metric: RMSE is 3190686.70.
Using model (RandomForest), inputs of previous 5-day (target metric, scaled day of week OHE, scaled season OHE) to predict target metric: RMSE is 3151510.24.
Using model (RandomForest), inputs of previous 5-day (target metric, day of week, weather) to predict target metric: RMSE is 3095033.76.
Using model (RandomForest), inputs of previous 5-day (target metric, day of week OHE, weather) to predict target metric: RMSE is 3094957.94.
Using model (RandomForest), inputs of previous 5-day (target metric, scaled day of week, scaled weather) to predict target metric: RMSE is 3089272.82.
Using model (RandomForest), inputs of previous 5-day (target metric, scaled day of week OHE, scaled weather) to predict target metric: RMSE is 3094354.04.
Using model (RandomForest), inputs of previous 5-day (target metric, season, weather) to predict target metric: RMSE is 3840363.44.
Using model (RandomForest), inputs of previous 5-day (target metric, season OHE, weather) to predict target metric: RMSE is 3841441.26.
Using model (RandomForest), inputs of previous 5-day (target metric, scaled season, scaled weather) to predict target metric: RMSE is 3846458.75.
Using model (RandomForest), inputs of previous 5-day (target metric, scaled season OHE, scaled weather) to predict target metric: RMSE is 3845201.87.
Delay data:
Using model (RandomForest), inputs of previous 5-day (target metric) to predict target metric: RMSE is 3688.86.
Using model (RandomForest), inputs of previous 5-day (target metric, day of week, season, weather) to predict target metric: RMSE is 3011.08.
Using model (RandomForest), inputs of previous 5-day (target metric, day of week OHE, season OHE, weather) to predict target metric: RMSE is 3090.28.
Using model (RandomForest), inputs of previous 5-day (target metric, scaled day of week, scaled season, scaled weather) to predict target metric: RMSE is 3014.00.
Using model (RandomForest), inputs of previous 5-day (target metric, scaled day of week OHE, scaled season OHE, scaled weather) to predict target metric: RMSE is 3090.79.
Using model (RandomForest), inputs of previous 5-day (target metric, day of week) to predict target metric: RMSE is 2967.97.
Using model (RandomForest), inputs of previous 5-day (target metric, day of week OHE) to predict target metric: RMSE is 2951.89.
Using model (RandomForest), inputs of previous 5-day (target metric, scaled day of week) to predict target metric: RMSE is 2967.38.
Using model (RandomForest), inputs of previous 5-day (target metric, scaled day of week OHE) to predict target metric: RMSE is 2951.89.
Using model (RandomForest), inputs of previous 5-day (target metric, season) to predict target metric: RMSE is 3724.31.
Using model (RandomForest), inputs of previous 5-day (target metric, season OHE) to predict target metric: RMSE is 3765.34.
Using model (RandomForest), inputs of previous 5-day (target metric, scaled season) to predict target metric: RMSE is 3714.36.
Using model (RandomForest), inputs of previous 5-day (target metric, scaled season OHE) to predict target metric: RMSE is 3765.34.
Using model (RandomForest), inputs of previous 5-day (target metric, weather) to predict target metric: RMSE is 3767.43.
Using model (RandomForest), inputs of previous 5-day (target metric, scaled weather) to predict target metric: RMSE is 3766.74.
Using model (RandomForest), inputs of previous 5-day (target metric, day of week, season) to predict target metric: RMSE is 2992.49.
Using model (RandomForest), inputs of previous 5-day (target metric, day of week OHE, season OHE) to predict target metric: RMSE is 2994.16.
Using model (RandomForest), inputs of previous 5-day (target metric, scaled day of week, scaled season) to predict target metric: RMSE is 2995.28.
Using model (RandomForest), inputs of previous 5-day (target metric, scaled day of week OHE, scaled season OHE) to predict target metric: RMSE is 2994.16.
Using model (RandomForest), inputs of previous 5-day (target metric, day of week, weather) to predict target metric: RMSE is 3006.75.
Using model (RandomForest), inputs of previous 5-day (target metric, day of week OHE, weather) to predict target metric: RMSE is 3065.44.
Using model (RandomForest), inputs of previous 5-day (target metric, scaled day of week, scaled weather) to predict target metric: RMSE is 3007.11.
Using model (RandomForest), inputs of previous 5-day (target metric, scaled day of week OHE, scaled weather) to predict target metric: RMSE is 3066.86.
Using model (RandomForest), inputs of previous 5-day (target metric, season, weather) to predict target metric: RMSE is 3741.30.
Using model (RandomForest), inputs of previous 5-day (target metric, season OHE, weather) to predict target metric: RMSE is 3777.90.
Using model (RandomForest), inputs of previous 5-day (target metric, scaled season, scaled weather) to predict target metric: RMSE is 3741.70.
Using model (RandomForest), inputs of previous 5-day (target metric, scaled season OHE, scaled weather) to predict target metric: RMSE is 3776.41.
