GSE data:
Using model (Ridge), inputs of previous 5-day (target metric) to predict target metric: RMSE is 5177542.97.
Using model (Ridge), inputs of previous 5-day (target metric, day of week, season, weather) to predict target metric: RMSE is 5224983.19.
Using model (Ridge), inputs of previous 5-day (target metric, day of week OHE, season OHE, weather) to predict target metric: RMSE is 4948318.34.
Using model (Ridge), inputs of previous 5-day (target metric, scaled day of week, scaled season, scaled weather) to predict target metric: RMSE is 5221765.95.
Using model (Ridge), inputs of previous 5-day (target metric, scaled day of week OHE, scaled season OHE, scaled weather) to predict target metric: RMSE is 4951823.78.
Using model (Ridge), inputs of previous 5-day (target metric, day of week) to predict target metric: RMSE is 5224365.39.
Using model (Ridge), inputs of previous 5-day (target metric, day of week OHE) to predict target metric: RMSE is 4957883.16.
Using model (Ridge), inputs of previous 5-day (target metric, scaled day of week) to predict target metric: RMSE is 5221433.30.
Using model (Ridge), inputs of previous 5-day (target metric, scaled day of week OHE) to predict target metric: RMSE is 4960099.39.
Using model (Ridge), inputs of previous 5-day (target metric, season) to predict target metric: RMSE is 5180522.92.
Using model (Ridge), inputs of previous 5-day (target metric, season OHE) to predict target metric: RMSE is 5182518.83.
Using model (Ridge), inputs of previous 5-day (target metric, scaled season) to predict target metric: RMSE is 5180521.56.
Using model (Ridge), inputs of previous 5-day (target metric, scaled season OHE) to predict target metric: RMSE is 5183912.27.
Using model (Ridge), inputs of previous 5-day (target metric, weather) to predict target metric: RMSE is 5259340.84.
Using model (Ridge), inputs of previous 5-day (target metric, scaled weather) to predict target metric: RMSE is 5259027.82.
Using model (Ridge), inputs of previous 5-day (target metric, day of week, season) to predict target metric: RMSE is 5223924.21.
Using model (Ridge), inputs of previous 5-day (target metric, day of week OHE, season OHE) to predict target metric: RMSE is 4963658.63.
Using model (Ridge), inputs of previous 5-day (target metric, scaled day of week, scaled season) to predict target metric: RMSE is 5220970.18.
Using model (Ridge), inputs of previous 5-day (target metric, scaled day of week OHE, scaled season OHE) to predict target metric: RMSE is 4967401.59.
Using model (Ridge), inputs of previous 5-day (target metric, day of week, weather) to predict target metric: RMSE is 5229258.91.
Using model (Ridge), inputs of previous 5-day (target metric, day of week OHE, weather) to predict target metric: RMSE is 4944367.75.
Using model (Ridge), inputs of previous 5-day (target metric, scaled day of week, scaled weather) to predict target metric: RMSE is 5226064.62.
Using model (Ridge), inputs of previous 5-day (target metric, scaled day of week OHE, scaled weather) to predict target metric: RMSE is 4946502.63.
Using model (Ridge), inputs of previous 5-day (target metric, season, weather) to predict target metric: RMSE is 5253661.95.
Using model (Ridge), inputs of previous 5-day (target metric, season OHE, weather) to predict target metric: RMSE is 5256521.30.
Using model (Ridge), inputs of previous 5-day (target metric, scaled season, scaled weather) to predict target metric: RMSE is 5253328.37.
Using model (Ridge), inputs of previous 5-day (target metric, scaled season OHE, scaled weather) to predict target metric: RMSE is 5257443.75.
Delay data:
Using model (Ridge), inputs of previous 5-day (target metric) to predict target metric: RMSE is 4395.18.
Using model (Ridge), inputs of previous 5-day (target metric, day of week, season, weather) to predict target metric: RMSE is 3212.93.
Using model (Ridge), inputs of previous 5-day (target metric, day of week OHE, season OHE, weather) to predict target metric: RMSE is 3152.58.
Using model (Ridge), inputs of previous 5-day (target metric, scaled day of week, scaled season, scaled weather) to predict target metric: RMSE is 3213.10.
Using model (Ridge), inputs of previous 5-day (target metric, scaled day of week OHE, scaled season OHE, scaled weather) to predict target metric: RMSE is 3153.16.
Using model (Ridge), inputs of previous 5-day (target metric, day of week) to predict target metric: RMSE is 3147.01.
Using model (Ridge), inputs of previous 5-day (target metric, day of week OHE) to predict target metric: RMSE is 3105.97.
Using model (Ridge), inputs of previous 5-day (target metric, scaled day of week) to predict target metric: RMSE is 3147.60.
Using model (Ridge), inputs of previous 5-day (target metric, scaled day of week OHE) to predict target metric: RMSE is 3105.54.
Using model (Ridge), inputs of previous 5-day (target metric, season) to predict target metric: RMSE is 4421.83.
Using model (Ridge), inputs of previous 5-day (target metric, season OHE) to predict target metric: RMSE is 4485.99.
Using model (Ridge), inputs of previous 5-day (target metric, scaled season) to predict target metric: RMSE is 4421.53.
Using model (Ridge), inputs of previous 5-day (target metric, scaled season OHE) to predict target metric: RMSE is 4496.92.
Using model (Ridge), inputs of previous 5-day (target metric, weather) to predict target metric: RMSE is 4447.03.
Using model (Ridge), inputs of previous 5-day (target metric, scaled weather) to predict target metric: RMSE is 4446.74.
Using model (Ridge), inputs of previous 5-day (target metric, day of week, season) to predict target metric: RMSE is 3171.59.
Using model (Ridge), inputs of previous 5-day (target metric, day of week OHE, season OHE) to predict target metric: RMSE is 3125.62.
Using model (Ridge), inputs of previous 5-day (target metric, scaled day of week, scaled season) to predict target metric: RMSE is 3172.00.
Using model (Ridge), inputs of previous 5-day (target metric, scaled day of week OHE, scaled season OHE) to predict target metric: RMSE is 3126.48.
Using model (Ridge), inputs of previous 5-day (target metric, day of week, weather) to predict target metric: RMSE is 3190.41.
Using model (Ridge), inputs of previous 5-day (target metric, day of week OHE, weather) to predict target metric: RMSE is 3135.61.
Using model (Ridge), inputs of previous 5-day (target metric, scaled day of week, scaled weather) to predict target metric: RMSE is 3190.72.
Using model (Ridge), inputs of previous 5-day (target metric, scaled day of week OHE, scaled weather) to predict target metric: RMSE is 3135.15.
Using model (Ridge), inputs of previous 5-day (target metric, season, weather) to predict target metric: RMSE is 4479.15.
Using model (Ridge), inputs of previous 5-day (target metric, season OHE, weather) to predict target metric: RMSE is 4539.94.
Using model (Ridge), inputs of previous 5-day (target metric, scaled season, scaled weather) to predict target metric: RMSE is 4478.55.
Using model (Ridge), inputs of previous 5-day (target metric, scaled season OHE, scaled weather) to predict target metric: RMSE is 4550.72.
