GSE data:
Using model (SupportVector), inputs of previous 5-day (target metric) to predict target metric: RMSE is 7397404.26.
Using model (SupportVector), inputs of previous 5-day (target metric, day of week, season, weather) to predict target metric: RMSE is 7399734.98.
Using model (SupportVector), inputs of previous 5-day (target metric, day of week OHE, season OHE, weather) to predict target metric: RMSE is 7399634.64.
Using model (SupportVector), inputs of previous 5-day (target metric, scaled day of week, scaled season, scaled weather) to predict target metric: RMSE is 7399733.76.
Using model (SupportVector), inputs of previous 5-day (target metric, scaled day of week OHE, scaled season OHE, scaled weather) to predict target metric: RMSE is 7399634.16.
Using model (SupportVector), inputs of previous 5-day (target metric, day of week) to predict target metric: RMSE is 7399796.15.
Using model (SupportVector), inputs of previous 5-day (target metric, day of week OHE) to predict target metric: RMSE is 7399710.83.
Using model (SupportVector), inputs of previous 5-day (target metric, scaled day of week) to predict target metric: RMSE is 7399796.20.
Using model (SupportVector), inputs of previous 5-day (target metric, scaled day of week OHE) to predict target metric: RMSE is 7399710.83.
Using model (SupportVector), inputs of previous 5-day (target metric, season) to predict target metric: RMSE is 7399796.18.
Using model (SupportVector), inputs of previous 5-day (target metric, season OHE) to predict target metric: RMSE is 7399810.33.
Using model (SupportVector), inputs of previous 5-day (target metric, scaled season) to predict target metric: RMSE is 7399796.20.
Using model (SupportVector), inputs of previous 5-day (target metric, scaled season OHE) to predict target metric: RMSE is 7399810.33.
Using model (SupportVector), inputs of previous 5-day (target metric, weather) to predict target metric: RMSE is 7399812.15.
Using model (SupportVector), inputs of previous 5-day (target metric, scaled weather) to predict target metric: RMSE is 7399810.33.
Using model (SupportVector), inputs of previous 5-day (target metric, day of week, season) to predict target metric: RMSE is 7400009.76.
Using model (SupportVector), inputs of previous 5-day (target metric, day of week OHE, season OHE) to predict target metric: RMSE is 7399659.12.
Using model (SupportVector), inputs of previous 5-day (target metric, scaled day of week, scaled season) to predict target metric: RMSE is 7400009.74.
Using model (SupportVector), inputs of previous 5-day (target metric, scaled day of week OHE, scaled season OHE) to predict target metric: RMSE is 7399659.12.
Using model (SupportVector), inputs of previous 5-day (target metric, day of week, weather) to predict target metric: RMSE is 7399766.52.
Using model (SupportVector), inputs of previous 5-day (target metric, day of week OHE, weather) to predict target metric: RMSE is 7399659.78.
Using model (SupportVector), inputs of previous 5-day (target metric, scaled day of week, scaled weather) to predict target metric: RMSE is 7399765.05.
Using model (SupportVector), inputs of previous 5-day (target metric, scaled day of week OHE, scaled weather) to predict target metric: RMSE is 7399659.12.
Using model (SupportVector), inputs of previous 5-day (target metric, season, weather) to predict target metric: RMSE is 7399766.51.
Using model (SupportVector), inputs of previous 5-day (target metric, season OHE, weather) to predict target metric: RMSE is 7399694.23.
Using model (SupportVector), inputs of previous 5-day (target metric, scaled season, scaled weather) to predict target metric: RMSE is 7399765.05.
Using model (SupportVector), inputs of previous 5-day (target metric, scaled season OHE, scaled weather) to predict target metric: RMSE is 7399693.32.
Delay data:
Using model (SupportVector), inputs of previous 5-day (target metric) to predict target metric: RMSE is 4440.23.
Using model (SupportVector), inputs of previous 5-day (target metric, day of week, season, weather) to predict target metric: RMSE is 6367.81.
Using model (SupportVector), inputs of previous 5-day (target metric, day of week OHE, season OHE, weather) to predict target metric: RMSE is 6390.21.
Using model (SupportVector), inputs of previous 5-day (target metric, scaled day of week, scaled season, scaled weather) to predict target metric: RMSE is 4607.43.
Using model (SupportVector), inputs of previous 5-day (target metric, scaled day of week OHE, scaled season OHE, scaled weather) to predict target metric: RMSE is 4613.67.
Using model (SupportVector), inputs of previous 5-day (target metric, day of week) to predict target metric: RMSE is 4505.23.
Using model (SupportVector), inputs of previous 5-day (target metric, day of week OHE) to predict target metric: RMSE is 4608.94.
Using model (SupportVector), inputs of previous 5-day (target metric, scaled day of week) to predict target metric: RMSE is 4514.66.
Using model (SupportVector), inputs of previous 5-day (target metric, scaled day of week OHE) to predict target metric: RMSE is 4604.83.
Using model (SupportVector), inputs of previous 5-day (target metric, season) to predict target metric: RMSE is 4511.26.
Using model (SupportVector), inputs of previous 5-day (target metric, season OHE) to predict target metric: RMSE is 4600.47.
Using model (SupportVector), inputs of previous 5-day (target metric, scaled season) to predict target metric: RMSE is 4515.15.
Using model (SupportVector), inputs of previous 5-day (target metric, scaled season OHE) to predict target metric: RMSE is 4600.92.
Using model (SupportVector), inputs of previous 5-day (target metric, weather) to predict target metric: RMSE is 6357.01.
Using model (SupportVector), inputs of previous 5-day (target metric, scaled weather) to predict target metric: RMSE is 4601.20.
Using model (SupportVector), inputs of previous 5-day (target metric, day of week, season) to predict target metric: RMSE is 4553.12.
Using model (SupportVector), inputs of previous 5-day (target metric, day of week OHE, season OHE) to predict target metric: RMSE is 4615.03.
Using model (SupportVector), inputs of previous 5-day (target metric, scaled day of week, scaled season) to predict target metric: RMSE is 4560.19.
Using model (SupportVector), inputs of previous 5-day (target metric, scaled day of week OHE, scaled season OHE) to predict target metric: RMSE is 4608.91.
Using model (SupportVector), inputs of previous 5-day (target metric, day of week, weather) to predict target metric: RMSE is 6362.54.
Using model (SupportVector), inputs of previous 5-day (target metric, day of week OHE, weather) to predict target metric: RMSE is 6385.24.
Using model (SupportVector), inputs of previous 5-day (target metric, scaled day of week, scaled weather) to predict target metric: RMSE is 4606.37.
Using model (SupportVector), inputs of previous 5-day (target metric, scaled day of week OHE, scaled weather) to predict target metric: RMSE is 4608.56.
Using model (SupportVector), inputs of previous 5-day (target metric, season, weather) to predict target metric: RMSE is 6362.78.
Using model (SupportVector), inputs of previous 5-day (target metric, season OHE, weather) to predict target metric: RMSE is 6377.60.
Using model (SupportVector), inputs of previous 5-day (target metric, scaled season, scaled weather) to predict target metric: RMSE is 4606.75.
Using model (SupportVector), inputs of previous 5-day (target metric, scaled season OHE, scaled weather) to predict target metric: RMSE is 4612.60.
